{"name": "test_participant_registration[chrome]", "status": "failed", "statusDetails": {"message": "AssertionError: Failed to registered Participant\nassert False", "trace": "self = <Testcases.test_addparticipantpage.Test_add_participant object at 0x1066f22f0>\n\n    @allure.description(\"Testing Participant Registration tab\")\n    @allure.severity(allure.severity_level.CRITICAL)\n    def test_participant_registration(self):\n        self.loginpage = Loginpage(self.driver)\n        self.driver.maximize_window()\n        self.loginpage.do_click(Loginpage.REGISTER_TAB)\n        sleep(2)\n        self.loginpage.do_click(Loginpage.ORGANIZATION_NAME_FIELD)\n        sleep(2)\n        self.loginpage.do_sendkeys(Loginpage.ORGANIZATION_NAME_FIELD, Testdata.ORGANIZATION_NAME)\n        sleep(1)\n        self.loginpage.do_click(Loginpage.ORGANIZATION_EMAIL_ID_FIELD)\n        self.loginpage.do_sendkeys(Loginpage.ORGANIZATION_EMAIL_ID_FIELD, Testdata.ORGANIZATION_EMAIL_ID)\n        sleep(2)\n        self.loginpage.do_click(Loginpage.ORGANIZATION_WEBSITE_LINK)\n        self.loginpage.do_sendkeys(Loginpage.ORGANIZATION_WEBSITE_LINK,\n                                   Testdata.ORGANIZATION_WEBSITE_LINK)\n        self.loginpage.do_click(Loginpage.ORGANIZATION_ADDRESS)\n        self.loginpage.do_sendkeys(Loginpage.ORGANIZATION_ADDRESS, Testdata.ORGANIZATION_ADDRESS)\n        self.loginpage.do_click(Loginpage.COUNTRY_DROP_DOWN)\n        sleep(1)\n        self.loginpage.do_click(Loginpage.SELECT_COUNTRY)\n        self.loginpage.do_click(Loginpage.PINCODE_FIELD)\n        self.loginpage.do_sendkeys(Loginpage.PINCODE_FIELD, Testdata.PINCODE)\n        sleep(2)\n        self.driver.execute_script(\"window.scrollBy(0,500);\")\n        sleep(2)\n        self.loginpage.do_click(Loginpage.FIRST_NAME_FIELD)\n        self.loginpage.do_sendkeys(Loginpage.FIRST_NAME_FIELD, Testdata.FIRST_NAME)\n        self.loginpage.do_click(Loginpage.LAST_NAME_FIELD)\n        self.loginpage.do_sendkeys(Loginpage.LAST_NAME_FIELD, Testdata.LAST_NAME)\n        self.loginpage.do_click(Loginpage.ORGANIZATION_ROOT_USER_EMAIL_ID_FIELD)\n        self.loginpage.do_sendkeys(Loginpage.ORGANIZATION_ROOT_USER_EMAIL_ID_FIELD,\n                                   Testdata.ORGANIZATION_ROOT_USER_EMAIL_ID_2)\n        self.loginpage.do_click(Loginpage.ORGANIZATION_CONTACT_NUMBER)\n        self.loginpage.do_sendkeys(Loginpage.ORGANIZATION_CONTACT_NUMBER, Testdata.CONTACT_NUMBER)\n        sleep(10)\n        self.loginpage.do_click(Loginpage.SUBMIT_BUTTON)\n        sleep(20)\n    \n        if self.driver.current_url == \"https://datahubethstage.farmstack.co/home\":\n            allure.attach(self.driver.get_screenshot_as_png(), name=\"Successfully Participant is registered\",\n                          attachment_type=AttachmentType.PNG)\n            assert True, \"Participant is successfully registered\"\n        else:\n            allure.attach(self.driver.get_screenshot_as_png(), name=\"Failed to registered Participant\",\n                          attachment_type=AttachmentType.PNG)\n>           assert False, \"Failed to registered Participant\"\nE           AssertionError: Failed to registered Participant\nE           assert False\n\ntest_addparticipantpage.py:270: AssertionError"}, "description": "Testing Participant Registration tab", "attachments": [{"name": "Failed to registered Participant", "source": "eed55c64-5453-4c46-a17b-1cd27f1adf9e-attachment.png", "type": "image/png"}], "parameters": [{"name": "init_driver", "value": "'chrome'"}], "start": 1690538036593, "stop": 1690538103892, "uuid": "38dc5d2c-dded-4d1b-a411-1c2aeed3d30b", "historyId": "144d790405c7df46b446f34f69d6bb34", "testCaseId": "e6eb6ba71f43b7fcae9e4a907ed7729e", "fullName": "test_addparticipantpage.Test_add_participant#test_participant_registration", "labels": [{"name": "severity", "value": "critical"}, {"name": "tag", "value": "@pytest.mark.usefixtures('init_driver')"}, {"name": "suite", "value": "test_addparticipantpage"}, {"name": "subSuite", "value": "Test_add_participant"}, {"name": "host", "value": "Shaiks-MacBook-Pro.local"}, {"name": "thread", "value": "18571-MainThread"}, {"name": "framework", "value": "pytest"}, {"name": "language", "value": "cpython3"}, {"name": "package", "value": "test_addparticipantpage"}]}