{"name": "test_Selecting_Costeward_while_participant_registration[chrome]", "status": "failed", "statusDetails": {"message": "AssertionError: Failed to Selecting Costeward while participant registration\nassert False", "trace": "self = <Testcases.test_addparticipantpage.Test_add_participant object at 0x1066f2020>\n\n    @allure.description(\"Testing Selecting Costeward while participant registration tab\")\n    @allure.severity(allure.severity_level.CRITICAL)\n    def test_Selecting_Costeward_while_participant_registration(self):\n        self.loginpage = Loginpage(self.driver)\n        self.driver.maximize_window()\n        self.loginpage.do_click(Loginpage.REGISTER_TAB)\n        sleep(2)\n        self.loginpage.do_click(Loginpage.ORGANIZATION_NAME_FIELD)\n        sleep(2)\n        self.loginpage.do_sendkeys(Loginpage.ORGANIZATION_NAME_FIELD, Testdata.ORGANIZATION_NAME)\n        sleep(1)\n        self.loginpage.do_click(Loginpage.ORGANIZATION_EMAIL_ID_FIELD)\n        self.loginpage.do_sendkeys(Loginpage.ORGANIZATION_EMAIL_ID_FIELD, Testdata.ORGANIZATION_EMAIL_ID)\n        sleep(2)\n        self.loginpage.do_click(Loginpage.ORGANIZATION_WEBSITE_LINK)\n        self.loginpage.do_sendkeys(Loginpage.ORGANIZATION_WEBSITE_LINK,\n                                   Testdata.ORGANIZATION_WEBSITE_LINK)\n        self.loginpage.do_click(Loginpage.ORGANIZATION_ADDRESS)\n        self.loginpage.do_sendkeys(Loginpage.ORGANIZATION_ADDRESS, Testdata.ORGANIZATION_ADDRESS)\n        self.loginpage.do_click(Loginpage.COUNTRY_DROP_DOWN)\n        sleep(1)\n        self.loginpage.do_click(Loginpage.SELECT_COUNTRY)\n        self.loginpage.do_click(Loginpage.PINCODE_FIELD)\n        self.loginpage.do_sendkeys(Loginpage.PINCODE_FIELD, Testdata.PINCODE)\n        sleep(2)\n        self.driver.execute_script(\"window.scrollBy(0,500);\")\n        sleep(2)\n        self.loginpage.do_click(Loginpage.FIRST_NAME_FIELD)\n        self.loginpage.do_sendkeys(Loginpage.FIRST_NAME_FIELD, Testdata.FIRST_NAME)\n        self.loginpage.do_click(Loginpage.LAST_NAME_FIELD)\n        self.loginpage.do_sendkeys(Loginpage.LAST_NAME_FIELD, Testdata.LAST_NAME)\n        self.loginpage.do_click(Loginpage.ORGANIZATION_ROOT_USER_EMAIL_ID_FIELD)\n        self.loginpage.do_sendkeys(Loginpage.ORGANIZATION_ROOT_USER_EMAIL_ID_FIELD,\n                                   Testdata.ORGANIZATION_ROOT_USER_EMAIL_ID_2)\n        self.loginpage.do_click(Loginpage.ORGANIZATION_CONTACT_NUMBER)\n        self.loginpage.do_sendkeys(Loginpage.ORGANIZATION_CONTACT_NUMBER, Testdata.CONTACT_NUMBER)\n        sleep(3)\n        self.loginpage.do_click(Loginpage.SELECT_COSTEWARD_DROP_DOWN)\n        sleep(2)\n        self.loginpage.do_click(Loginpage.SELECT_COSTEWARD)\n        sleep(10)\n        self.loginpage.do_click(Loginpage.SUBMIT_BUTTON)\n        sleep(5)\n        if self.driver.current_url == \"https://datahubethstage.farmstack.co/home\":\n            allure.attach(self.driver.get_screenshot_as_png(), name=\"Selecting Costeward while participant \"\n                                                                    \"registration is successful\",\n                          attachment_type=AttachmentType.PNG)\n            assert True, \"Selecting Costeward while participant registration is successful\"\n        else:\n            allure.attach(self.driver.get_screenshot_as_png(), name=\"Failed to Selecting Costeward while participant \"\n                                                                    \"registration\",\n                          attachment_type=AttachmentType.PNG)\n>           assert False, \"Failed to Selecting Costeward while participant registration\"\nE           AssertionError: Failed to Selecting Costeward while participant registration\nE           assert False\n\ntest_addparticipantpage.py:220: AssertionError"}, "description": "Testing Selecting Costeward while participant registration tab", "attachments": [{"name": "Failed to Selecting Costeward while participant registration", "source": "c39d052a-3deb-4809-91f4-b28a3f262e4a-attachment.png", "type": "image/png"}], "parameters": [{"name": "init_driver", "value": "'chrome'"}], "start": 1690537985000, "stop": 1690538036555, "uuid": "731f2900-d972-4fd2-8c89-611fd6640b91", "historyId": "f88962e759138659f1fa29b7a76d504f", "testCaseId": "9a7e7c03a023c6398cce307a7a75a1ff", "fullName": "test_addparticipantpage.Test_add_participant#test_Selecting_Costeward_while_participant_registration", "labels": [{"name": "severity", "value": "critical"}, {"name": "tag", "value": "@pytest.mark.usefixtures('init_driver')"}, {"name": "suite", "value": "test_addparticipantpage"}, {"name": "subSuite", "value": "Test_add_participant"}, {"name": "host", "value": "Shaiks-MacBook-Pro.local"}, {"name": "thread", "value": "18571-MainThread"}, {"name": "framework", "value": "pytest"}, {"name": "language", "value": "cpython3"}, {"name": "package", "value": "test_addparticipantpage"}]}